find_executable: checking for pg_config... -------------------- yes

--------------------

find_header: checking for libpq-fe.h... -------------------- yes

"xcrun cc -E -I. -I/System/Library/Frameworks/Ruby.framework/Versions/1.8/usr/lib/ruby/1.8/universal-darwin12.0 -I.  -D_XOPEN_SOURCE -D_DARWIN_C_SOURCE   -I/usr/include   -g -Os -pipe -fno-common -DENABLE_DTRACE  -fno-common  -pipe -fno-common    conftest.c -o conftest.i"
checked program was:
/* begin */
1: #include <libpq-fe.h>
/* end */

--------------------

find_header: checking for libpq/libpq-fs.h... -------------------- yes

"xcrun cc -E -I. -I/System/Library/Frameworks/Ruby.framework/Versions/1.8/usr/lib/ruby/1.8/universal-darwin12.0 -I.  -D_XOPEN_SOURCE -D_DARWIN_C_SOURCE   -I/usr/include   -g -Os -pipe -fno-common -DENABLE_DTRACE  -fno-common  -pipe -fno-common    conftest.c -o conftest.i"
checked program was:
/* begin */
1: #include <libpq/libpq-fs.h>
/* end */

--------------------

find_header: checking for pg_config_manual.h... -------------------- yes

"xcrun cc -E -I. -I/System/Library/Frameworks/Ruby.framework/Versions/1.8/usr/lib/ruby/1.8/universal-darwin12.0 -I.  -D_XOPEN_SOURCE -D_DARWIN_C_SOURCE   -I/usr/include   -g -Os -pipe -fno-common -DENABLE_DTRACE  -fno-common  -pipe -fno-common    conftest.c -o conftest.i"
checked program was:
/* begin */
1: #include <pg_config_manual.h>
/* end */

--------------------

have_library: checking for PQconnectdb() in -lpq... -------------------- no

"xcrun cc -o conftest -I. -I/System/Library/Frameworks/Ruby.framework/Versions/1.8/usr/lib/ruby/1.8/universal-darwin12.0 -I.  -D_XOPEN_SOURCE -D_DARWIN_C_SOURCE   -I/usr/include -arch i386 -arch x86_64 -g -Os -pipe -fno-common -DENABLE_DTRACE  -fno-common  -pipe -fno-common   conftest.c  -L. -L/System/Library/Frameworks/Ruby.framework/Versions/1.8/usr/lib -L. -arch i386 -arch x86_64  -L/usr/lib     -lruby -lpq  -lpthread -ldl -lobjc  "
ld: warning: ignoring file /usr/lib/libpq.dylib, file was built for unsupported file format ( 0xcf 0xfa 0xed 0xfe 0x 7 0x 0 0x 0 0x 1 0x 3 0x 0 0x 0 0x 0 0x 6 0x 0 0x 0 0x 0 ) which is not the architecture being linked (i386): /usr/lib/libpq.dylib
Undefined symbols for architecture i386:
  "_PQconnectdb", referenced from:
      _t in conftest-xeuDMz.o
ld: symbol(s) not found for architecture i386
clang: error: linker command failed with exit code 1 (use -v to see invocation)
checked program was:
/* begin */
1: #include <libpq-fe.h>
2: 
3: /*top*/
4: int main() { return 0; }
5: int t() { void ((*volatile p)()); p = (void ((*)()))PQconnectdb; return 0; }
/* end */

"xcrun cc -o conftest -I. -I/System/Library/Frameworks/Ruby.framework/Versions/1.8/usr/lib/ruby/1.8/universal-darwin12.0 -I.  -D_XOPEN_SOURCE -D_DARWIN_C_SOURCE   -I/usr/include -arch i386 -arch x86_64 -g -Os -pipe -fno-common -DENABLE_DTRACE  -fno-common  -pipe -fno-common   conftest.c  -L. -L/System/Library/Frameworks/Ruby.framework/Versions/1.8/usr/lib -L. -arch i386 -arch x86_64  -L/usr/lib     -lruby -lpq  -lpthread -ldl -lobjc  "
conftest.c:5:23: error: too few arguments to function call, expected 1, have 0
int t() { PQconnectdb(); return 0; }
          ~~~~~~~~~~~ ^
/usr/include/libpq-fe.h:243:1: note: 'PQconnectdb' declared here
extern PGconn *PQconnectdb(const char *conninfo);
^
1 error generated.
checked program was:
/* begin */
1: #include <libpq-fe.h>
2: 
3: /*top*/
4: int main() { return 0; }
5: int t() { PQconnectdb(); return 0; }
/* end */

--------------------

have_library: checking for PQconnectdb() in -llibpq... -------------------- no

"xcrun cc -o conftest -I. -I/System/Library/Frameworks/Ruby.framework/Versions/1.8/usr/lib/ruby/1.8/universal-darwin12.0 -I.  -D_XOPEN_SOURCE -D_DARWIN_C_SOURCE   -I/usr/include -arch i386 -arch x86_64 -g -Os -pipe -fno-common -DENABLE_DTRACE  -fno-common  -pipe -fno-common   conftest.c  -L. -L/System/Library/Frameworks/Ruby.framework/Versions/1.8/usr/lib -L. -arch i386 -arch x86_64  -L/usr/lib     -lruby -llibpq  -lpthread -ldl -lobjc  "
ld: library not found for -llibpq
clang: error: linker command failed with exit code 1 (use -v to see invocation)
checked program was:
/* begin */
1: #include <libpq-fe.h>
2: 
3: /*top*/
4: int main() { return 0; }
5: int t() { void ((*volatile p)()); p = (void ((*)()))PQconnectdb; return 0; }
/* end */

"xcrun cc -o conftest -I. -I/System/Library/Frameworks/Ruby.framework/Versions/1.8/usr/lib/ruby/1.8/universal-darwin12.0 -I.  -D_XOPEN_SOURCE -D_DARWIN_C_SOURCE   -I/usr/include -arch i386 -arch x86_64 -g -Os -pipe -fno-common -DENABLE_DTRACE  -fno-common  -pipe -fno-common   conftest.c  -L. -L/System/Library/Frameworks/Ruby.framework/Versions/1.8/usr/lib -L. -arch i386 -arch x86_64  -L/usr/lib     -lruby -llibpq  -lpthread -ldl -lobjc  "
conftest.c:5:23: error: too few arguments to function call, expected 1, have 0
int t() { PQconnectdb(); return 0; }
          ~~~~~~~~~~~ ^
/usr/include/libpq-fe.h:243:1: note: 'PQconnectdb' declared here
extern PGconn *PQconnectdb(const char *conninfo);
^
1 error generated.
checked program was:
/* begin */
1: #include <libpq-fe.h>
2: 
3: /*top*/
4: int main() { return 0; }
5: int t() { PQconnectdb(); return 0; }
/* end */

--------------------

have_library: checking for PQconnectdb() in -lms/libpq... -------------------- no

"xcrun cc -o conftest -I. -I/System/Library/Frameworks/Ruby.framework/Versions/1.8/usr/lib/ruby/1.8/universal-darwin12.0 -I.  -D_XOPEN_SOURCE -D_DARWIN_C_SOURCE   -I/usr/include -arch i386 -arch x86_64 -g -Os -pipe -fno-common -DENABLE_DTRACE  -fno-common  -pipe -fno-common   conftest.c  -L. -L/System/Library/Frameworks/Ruby.framework/Versions/1.8/usr/lib -L. -arch i386 -arch x86_64  -L/usr/lib     -lruby -lms/libpq  -lpthread -ldl -lobjc  "
ld: library not found for -lms/libpq
clang: error: linker command failed with exit code 1 (use -v to see invocation)
checked program was:
/* begin */
1: #include <libpq-fe.h>
2: 
3: /*top*/
4: int main() { return 0; }
5: int t() { void ((*volatile p)()); p = (void ((*)()))PQconnectdb; return 0; }
/* end */

"xcrun cc -o conftest -I. -I/System/Library/Frameworks/Ruby.framework/Versions/1.8/usr/lib/ruby/1.8/universal-darwin12.0 -I.  -D_XOPEN_SOURCE -D_DARWIN_C_SOURCE   -I/usr/include -arch i386 -arch x86_64 -g -Os -pipe -fno-common -DENABLE_DTRACE  -fno-common  -pipe -fno-common   conftest.c  -L. -L/System/Library/Frameworks/Ruby.framework/Versions/1.8/usr/lib -L. -arch i386 -arch x86_64  -L/usr/lib     -lruby -lms/libpq  -lpthread -ldl -lobjc  "
conftest.c:5:23: error: too few arguments to function call, expected 1, have 0
int t() { PQconnectdb(); return 0; }
          ~~~~~~~~~~~ ^
/usr/include/libpq-fe.h:243:1: note: 'PQconnectdb' declared here
extern PGconn *PQconnectdb(const char *conninfo);
^
1 error generated.
checked program was:
/* begin */
1: #include <libpq-fe.h>
2: 
3: /*top*/
4: int main() { return 0; }
5: int t() { PQconnectdb(); return 0; }
/* end */

--------------------

